==2914707== Memcheck, a memory error detector
==2914707== Copyright (C) 2002-2017, and GNU GPL'd, by Julian Seward et al.
==2914707== Using Valgrind-3.18.1 and LibVEX; rerun with -h for copyright info
==2914707== Command: ./minishell
==2914707== Parent PID: 2914706
==2914707== 
==2914707== 
==2914707== FILE DESCRIPTORS: 11 open (3 std) at exit.
==2914707== Open file descriptor 103: /usr/share/code/v8_context_snapshot.bin
==2914707==    <inherited from parent>
==2914707== 
==2914707== Open file descriptor 47: /dev/ptmx
==2914707==    <inherited from parent>
==2914707== 
==2914707== Open file descriptor 45: /home/mwei/.config/Code/logs/20260710T150027/ptyhost.log
==2914707==    <inherited from parent>
==2914707== 
==2914707== Open AF_UNIX socket 38: <unknown>
==2914707==    <inherited from parent>
==2914707== 
==2914707== Open AF_UNIX socket 37: <unknown>
==2914707==    <inherited from parent>
==2914707== 
==2914707== Open pf-16 socket 36:
==2914707==    <inherited from parent>
==2914707== 
==2914707== Open file descriptor 35:
==2914707==    <inherited from parent>
==2914707== 
==2914707== Open file descriptor 3: /home/mwei/42Projects/merge_shell/valgrind.log
==2914707==    <inherited from parent>
==2914707== 
==2914707== 
==2914707== HEAP SUMMARY:
==2914707==     in use at exit: 208,171 bytes in 222 blocks
==2914707==   total heap usage: 1,198 allocs, 976 frees, 254,534 bytes allocated
==2914707== 
==2914707== LEAK SUMMARY:
==2914707==    definitely lost: 0 bytes in 0 blocks
==2914707==    indirectly lost: 0 bytes in 0 blocks
==2914707==      possibly lost: 0 bytes in 0 blocks
==2914707==    still reachable: 0 bytes in 0 blocks
==2914707==         suppressed: 208,171 bytes in 222 blocks
==2914707== 
==2914707== For lists of detected and suppressed errors, rerun with: -s
==2914707== ERROR SUMMARY: 0 errors from 0 contexts (suppressed: 0 from 0)
